2026-01-07 23:06:33,602 - __main__ - INFO - ================================================================================
2026-01-07 23:06:33,609 - __main__ - INFO - TRADING PLATFORM INITIALIZATION
2026-01-07 23:06:33,610 - __main__ - INFO - ================================================================================
2026-01-07 23:06:33,610 - __main__ - INFO - Loading configuration from LIVE_DATA_CONFIG.yaml
2026-01-07 23:06:33,648 - __main__ - INFO - Configuration loaded successfully
2026-01-07 23:06:33,649 - __main__ - INFO - [1/6] Initializing Core Module (Environment & State)
2026-01-07 23:06:33,649 - __main__ - INFO -    ✓ TradingState initialized: paper
2026-01-07 23:06:33,649 - core.environment - WARNING - Environment file not found: .env
2026-01-07 23:06:33,649 - __main__ - INFO -    ✓ EnvironmentManager initialized
2026-01-07 23:06:33,649 - __main__ - INFO - [2/6] Initializing Monitoring Module (Logger & Metrics)
2026-01-07 23:06:33,650 - __main__ - INFO -    ✓ LoggerManager configured
2026-01-07 23:06:33,650 - __main__ - INFO -    ✓ MetricsCollector initialized
2026-01-07 23:06:33,650 - __main__ - INFO - [3/6] Initializing Data Module (Exchange & Market Feed)
2026-01-07 23:06:33,732 - __main__ - INFO -    ✓ ExchangeConnector connected: binance (paper)
2026-01-07 23:06:33,732 - data.market_feed - INFO - MarketFeed initialized with exchange: binance
2026-01-07 23:06:33,732 - __main__ - INFO -    ✓ MarketFeed initialized
2026-01-07 23:06:33,732 - __main__ - INFO - [4/6] Initializing Strategy Module (Signal Generation)
2026-01-07 23:06:33,732 - __main__ - WARNING - [Strategy] Unknown strategy in multi_strategy: EMATrendStrategy
2026-01-07 23:06:33,732 - strategies.base - INFO - Strategy 'ContinuationStrategy' initialized with parameters: {'lookback': 50, 'min_impulse_pct': 1.2, 'min_retracement': 0.15, 'max_retracement': 0.75, 'min_consolidation_candles': 3, 'max_consolidation_candles': 35, 'volume_surge_threshold': 1.1}
2026-01-07 23:06:33,733 - strategies.base - INFO - Strategy 'FVGStrategy' initialized with parameters: {'lookback': 100, 'min_gap_size_pct': 0.2, 'max_gap_age': 150, 'require_volume_spike': False, 'volume_spike_multiplier': 1.5, 'require_momentum': False, 'min_fill_pct': 0.2, 'max_fill_pct': 0.98}
2026-01-07 23:06:33,733 - strategies.base - INFO - Strategy 'MultiStrategyAggregator' initialized with parameters: {}
2026-01-07 23:06:33,733 - strategies.base - INFO - Strategy 'RegimeBasedStrategy' initialized with parameters: {'regime_confidence_threshold': 0.5, 'reduce_confidence_in_marginal_regimes': True}
2026-01-07 23:06:33,733 - strategies.regime_detector - INFO - RegimeDetector initialized with lookback=100, vol_thresholds=(0.010, 0.030)
2026-01-07 23:06:33,733 - strategies.regime_strategy - INFO - RegimeBasedStrategy initialized: underlying=MultiStrategyAggregator, allowed_regimes=['trending', 'quiet', 'volatile'], confidence_threshold=0.5, volatile_override=False, readiness_gate=False, readiness_scaling=False [0.50-1.00], mode=live
2026-01-07 23:06:33,733 - __main__ - INFO -    ✓ Strategy initialized: RegimeBasedStrategy
2026-01-07 23:06:33,733 - __main__ - INFO - [5/10] Initializing Risk Module (Position Sizing & Drawdown Guard)
2026-01-07 23:06:33,733 - risk.position_sizing - INFO - PositionSizer initialized: equity=$1000.00, risk=2.00%, method=fixed_risk
2026-01-07 23:06:33,733 - __main__ - INFO -    ✓ PositionSizer initialized: fixed_risk
2026-01-07 23:06:33,734 - risk.drawdown_guard - INFO - DrawdownGuard initialized: equity=$1000.00, max_daily_dd=5.0%, max_total_dd=20.0%
2026-01-07 23:06:33,734 - __main__ - INFO -    ✓ DrawdownGuard initialized
2026-01-07 23:06:33,734 - __main__ - INFO - [6/10] Initializing Portfolio Risk Module (Correlation & Exposure Control)
2026-01-07 23:06:33,734 - __main__ - INFO -    ✓ PortfolioRiskManager disabled (set portfolio_risk.enabled=True to enable)
2026-01-07 23:06:33,734 - __main__ - INFO - [7/10] Initializing Regime Capital Module (Capital Allocation)
2026-01-07 23:06:33,734 - __main__ - INFO -    ✓ RegimeCapitalAllocator disabled (set regime_capital.enabled=True to enable)
2026-01-07 23:06:33,734 - __main__ - INFO - [8/10] Initializing Execution Module (Broker & Order Manager)
2026-01-07 23:06:33,734 - execution.broker - INFO - PaperBroker initialized: mode=paper, slippage=5.0bps, fees=10.0bps
2026-01-07 23:06:33,734 - execution.broker - INFO - Broker initialized: mode=paper, initial_cash=$1,000.00
2026-01-07 23:06:33,734 - __main__ - INFO -    ✓ Broker initialized: paper
2026-01-07 23:06:33,734 - execution.order_manager - INFO - OrderManager initialized: max_concurrent=5, max_attempts=3
2026-01-07 23:06:33,734 - __main__ - INFO -    ✓ OrderManager initialized
2026-01-07 23:06:33,734 - __main__ - INFO - [9/10] Initializing Execution Reality Module (Market Impact)
2026-01-07 23:06:33,734 - execution.execution_reality_engine - INFO - [EXECUTION_REALITY] Engine initialized: enabled=False, model=conservative, min_fill_prob=60.0%
2026-01-07 23:06:33,734 - __main__ - INFO -    ✓ Execution Reality disabled (set execution_reality.enabled=True to enable)
2026-01-07 23:06:33,734 - __main__ - INFO - [10/10] Initializing Optimization Module (Performance Enhancement)
2026-01-07 23:06:33,735 - __main__ - INFO -    ✓ Optimization disabled (set optimization.enabled=True to enable)
2026-01-07 23:06:33,735 - __main__ - INFO - ================================================================================
2026-01-07 23:06:33,735 - __main__ - INFO - PLATFORM INITIALIZATION COMPLETE
2026-01-07 23:06:33,735 - __main__ - INFO - ================================================================================
2026-01-07 23:06:33,735 INFO platform.initialized {"environment":"paper","exchange":"binance","symbol":"BTC/USDT","strategy":"RegimeBasedStrategy"}
2026-01-07 23:06:33,735 - __main__ - INFO - ================================================================================
2026-01-07 23:06:33,735 - __main__ - INFO - STARTING TRADING LOOP
2026-01-07 23:06:33,735 - __main__ - INFO - ================================================================================
2026-01-07 23:06:33,735 INFO trading.loop_started {"environment":"paper","symbol":"BTC/USDT"}
2026-01-07 23:06:33,736 - __main__ - INFO - --------------------------------------------------------------------------------
2026-01-07 23:06:33,736 - __main__ - INFO - Trading Loop Iteration - 2026-01-07T22:06:33.736092
2026-01-07 23:06:33,736 - __main__ - INFO - [DATA] Fetching BTC/USDT 1h data
2026-01-07 23:06:33,750 - data.exchange - INFO - Generated 500 synthetic 1h candles for BTC/USDT ($44297.39 → $83502.45)
2026-01-07 23:06:33,814 - data.market_feed - INFO - Fetched 500 candles for BTC/USDT 1h (2025-12-18 02:06:33.737000+00:00 to 2026-01-07 21:06:33.737000+00:00)
2026-01-07 23:06:33,814 - __main__ - INFO - [DATA] Received 500 candles
2026-01-07 23:06:33,814 - __main__ - INFO - [STRATEGY] Generating signal using RegimeBasedStrategy
2026-01-07 23:06:33,816 - strategies.regime_strategy - INFO - [RegimeDetector] Regime: volatile, Confidence: 0.93
2026-01-07 23:06:33,816 - strategies.regime_strategy - INFO - [RegimeFilter] Regime volatile is favorable - delegating to MultiStrategyAggregator
2026-01-07 23:06:33,821 - strategies.multi_strategy_aggregator - INFO - [MultiStrategy] strat=ContinuationStrategy action=hold conf=0.000
2026-01-07 23:06:33,976 - strategies.pattern_strategies - INFO - [FVG] bullish_fvg: gap_size=2.32% filled=36.3% conf=0.700
2026-01-07 23:06:33,976 - strategies.multi_strategy_aggregator - INFO - [MultiStrategy] strat=FVGStrategy action=buy conf=0.700
2026-01-07 23:06:33,977 - strategies.multi_strategy_aggregator - INFO - [MultiStrategy] final=buy 0.300 | contributions=[{'strategy': 'ContinuationStrategy', 'action': 'hold', 'confidence': 0.0, 'weight': 0.4}, {'strategy': 'FVGStrategy', 'action': 'buy', 'confidence': 0.7000000000000001, 'weight': 0.3}]
2026-01-07 23:06:33,977 - strategies.regime_strategy - INFO - [ConfidenceAdjustment] Scaled from 0.30 to 0.28 based on regime confidence
2026-01-07 23:06:33,977 - __main__ - INFO - [STRATEGY] Signal: BUY (confidence: 0.28) | Regime: volatile (conf: 0.93)
2026-01-07 23:06:33,977 INFO strategy.signal_generated {"signal":"BUY","confidence":0.2780718608671061,"metadata":{"regime":"volatile","regime_confidence":0.9269062028903535,"regime_metrics":{"volatility":0.3314234265185436,"trend_strength":0.3743469480719078,"price_efficiency":0.02466077622213006,"price_slope_pct":-0.12406735198022048,"atr_pct":3.97033358984162,"vol_ratio":0.06226946367947198,"mean_return":-0.00035930569000965757,"lookback_candles":100},"regime_explanation":"High volatility regime detected with vol=0.331 (threshold=0.030). Market showing unpredictable movements.","decision":"delegate_to_underlying_strategy","decision_reason":"Regime volatile is favorable for MultiStrategyAggregator","underlying_strategy":"MultiStrategyAggregator","underlying_signal":"BUY","underlying_confidence":0.30000000000000004,"underlying_metadata":{"contributions":[{"strategy":"ContinuationStrategy","action":"hold","confidence":0.0,"weight":0.4},{"strategy":"FVGStrategy","action":"buy","confidence":0.7000000000000001,"weight":0.3}]},"confidence_adjusted":"True","allowed_regimes":["trending","quiet","volatile"]}}
2026-01-07 23:06:34,011 - __main__ - INFO - [RISK] Calculating position size
2026-01-07 23:06:34,011 - risk.position_sizing - ERROR - Stop loss price required for FIXED_RISK method
2026-01-07 23:06:34,011 - __main__ - INFO - [RISK] Position size: 0.000000 (approved: False)
2026-01-07 23:06:34,011 - __main__ - WARNING - [RISK] Position sizing rejected: Position size calculation failed
2026-01-07 23:07:34,076 - __main__ - INFO - --------------------------------------------------------------------------------
2026-01-07 23:07:34,083 - __main__ - INFO - Trading Loop Iteration - 2026-01-07T22:07:34.083554
2026-01-07 23:07:34,084 - __main__ - INFO - [DATA] Fetching BTC/USDT 1h data
2026-01-07 23:07:34,109 - data.exchange - INFO - Generated 500 synthetic 1h candles for BTC/USDT ($44297.39 → $83502.45)
2026-01-07 23:07:34,209 - data.market_feed - INFO - Fetched 500 candles for BTC/USDT 1h (2025-12-18 02:07:34.087000+00:00 to 2026-01-07 21:07:34.087000+00:00)
2026-01-07 23:07:34,211 - __main__ - INFO - [DATA] Received 500 candles
2026-01-07 23:07:34,211 - __main__ - INFO - [STRATEGY] Generating signal using RegimeBasedStrategy
2026-01-07 23:07:34,220 - strategies.regime_strategy - INFO - [RegimeDetector] Regime: volatile, Confidence: 0.93
2026-01-07 23:07:34,220 - strategies.regime_strategy - INFO - [RegimeFilter] Regime volatile is favorable - delegating to MultiStrategyAggregator
2026-01-07 23:07:34,228 - strategies.multi_strategy_aggregator - INFO - [MultiStrategy] strat=ContinuationStrategy action=hold conf=0.000
2026-01-07 23:07:34,286 - strategies.pattern_strategies - INFO - [FVG] bullish_fvg: gap_size=2.32% filled=36.3% conf=0.700
2026-01-07 23:07:34,287 - strategies.multi_strategy_aggregator - INFO - [MultiStrategy] strat=FVGStrategy action=buy conf=0.700
2026-01-07 23:07:34,287 - strategies.multi_strategy_aggregator - INFO - [MultiStrategy] final=buy 0.300 | contributions=[{'strategy': 'ContinuationStrategy', 'action': 'hold', 'confidence': 0.0, 'weight': 0.4}, {'strategy': 'FVGStrategy', 'action': 'buy', 'confidence': 0.7000000000000001, 'weight': 0.3}]
2026-01-07 23:07:34,287 - strategies.regime_strategy - INFO - [ConfidenceAdjustment] Scaled from 0.30 to 0.28 based on regime confidence
2026-01-07 23:07:34,287 - __main__ - INFO - [STRATEGY] Signal: BUY (confidence: 0.28) | Regime: volatile (conf: 0.93)
2026-01-07 23:07:34,292 INFO strategy.signal_generated {"signal":"BUY","confidence":0.2780718608671061,"metadata":{"regime":"volatile","regime_confidence":0.9269062028903535,"regime_metrics":{"volatility":0.3314234265185436,"trend_strength":0.3743469480719078,"price_efficiency":0.02466077622213006,"price_slope_pct":-0.12406735198022048,"atr_pct":3.97033358984162,"vol_ratio":0.06226946367947198,"mean_return":-0.00035930569000965757,"lookback_candles":100},"regime_explanation":"High volatility regime detected with vol=0.331 (threshold=0.030). Market showing unpredictable movements.","decision":"delegate_to_underlying_strategy","decision_reason":"Regime volatile is favorable for MultiStrategyAggregator","underlying_strategy":"MultiStrategyAggregator","underlying_signal":"BUY","underlying_confidence":0.30000000000000004,"underlying_metadata":{"contributions":[{"strategy":"ContinuationStrategy","action":"hold","confidence":0.0,"weight":0.4},{"strategy":"FVGStrategy","action":"buy","confidence":0.7000000000000001,"weight":0.3}]},"confidence_adjusted":"True","allowed_regimes":["trending","quiet","volatile"]}}
2026-01-07 23:07:34,295 - __main__ - INFO - [RISK] Calculating position size
2026-01-07 23:07:34,296 - risk.position_sizing - ERROR - Stop loss price required for FIXED_RISK method
2026-01-07 23:07:34,296 - __main__ - INFO - [RISK] Position size: 0.000000 (approved: False)
2026-01-07 23:07:34,296 - __main__ - WARNING - [RISK] Position sizing rejected: Position size calculation failed
2026-01-07 23:08:34,378 - __main__ - INFO - --------------------------------------------------------------------------------
2026-01-07 23:08:34,407 - __main__ - INFO - Trading Loop Iteration - 2026-01-07T22:08:34.407150
2026-01-07 23:08:34,407 - __main__ - INFO - [DATA] Fetching BTC/USDT 1h data
2026-01-07 23:08:34,443 - data.exchange - INFO - Generated 500 synthetic 1h candles for BTC/USDT ($44297.39 → $83502.45)
2026-01-07 23:08:34,620 - data.market_feed - INFO - Fetched 500 candles for BTC/USDT 1h (2025-12-18 02:08:34.408000+00:00 to 2026-01-07 21:08:34.408000+00:00)
2026-01-07 23:08:34,621 - __main__ - INFO - [DATA] Received 500 candles
2026-01-07 23:08:34,621 - __main__ - INFO - [STRATEGY] Generating signal using RegimeBasedStrategy
2026-01-07 23:08:34,623 - strategies.regime_strategy - INFO - [RegimeDetector] Regime: volatile, Confidence: 0.93
2026-01-07 23:08:34,624 - strategies.regime_strategy - INFO - [RegimeFilter] Regime volatile is favorable - delegating to MultiStrategyAggregator
2026-01-07 23:08:34,669 - strategies.multi_strategy_aggregator - INFO - [MultiStrategy] strat=ContinuationStrategy action=hold conf=0.000
2026-01-07 23:08:34,838 - strategies.pattern_strategies - INFO - [FVG] bullish_fvg: gap_size=2.32% filled=36.3% conf=0.700
2026-01-07 23:08:34,838 - strategies.multi_strategy_aggregator - INFO - [MultiStrategy] strat=FVGStrategy action=buy conf=0.700
2026-01-07 23:08:34,838 - strategies.multi_strategy_aggregator - INFO - [MultiStrategy] final=buy 0.300 | contributions=[{'strategy': 'ContinuationStrategy', 'action': 'hold', 'confidence': 0.0, 'weight': 0.4}, {'strategy': 'FVGStrategy', 'action': 'buy', 'confidence': 0.7000000000000001, 'weight': 0.3}]
2026-01-07 23:08:34,839 - strategies.regime_strategy - INFO - [ConfidenceAdjustment] Scaled from 0.30 to 0.28 based on regime confidence
2026-01-07 23:08:34,839 - __main__ - INFO - [STRATEGY] Signal: BUY (confidence: 0.28) | Regime: volatile (conf: 0.93)
2026-01-07 23:08:34,864 INFO strategy.signal_generated {"signal":"BUY","confidence":0.2780718608671061,"metadata":{"regime":"volatile","regime_confidence":0.9269062028903535,"regime_metrics":{"volatility":0.3314234265185436,"trend_strength":0.3743469480719078,"price_efficiency":0.02466077622213006,"price_slope_pct":-0.12406735198022048,"atr_pct":3.97033358984162,"vol_ratio":0.06226946367947198,"mean_return":-0.00035930569000965757,"lookback_candles":100},"regime_explanation":"High volatility regime detected with vol=0.331 (threshold=0.030). Market showing unpredictable movements.","decision":"delegate_to_underlying_strategy","decision_reason":"Regime volatile is favorable for MultiStrategyAggregator","underlying_strategy":"MultiStrategyAggregator","underlying_signal":"BUY","underlying_confidence":0.30000000000000004,"underlying_metadata":{"contributions":[{"strategy":"ContinuationStrategy","action":"hold","confidence":0.0,"weight":0.4},{"strategy":"FVGStrategy","action":"buy","confidence":0.7000000000000001,"weight":0.3}]},"confidence_adjusted":"True","allowed_regimes":["trending","quiet","volatile"]}}
2026-01-07 23:08:34,866 - __main__ - INFO - [RISK] Calculating position size
2026-01-07 23:08:34,867 - risk.position_sizing - ERROR - Stop loss price required for FIXED_RISK method
2026-01-07 23:08:34,867 - __main__ - INFO - [RISK] Position size: 0.000000 (approved: False)
2026-01-07 23:08:34,867 - __main__ - WARNING - [RISK] Position sizing rejected: Position size calculation failed
2026-01-07 23:09:10,526 - __main__ - INFO - Received signal 15
2026-01-07 23:09:34,893 - __main__ - INFO - ================================================================================
2026-01-07 23:09:34,895 - __main__ - INFO - INITIATING GRACEFUL SHUTDOWN
2026-01-07 23:09:34,895 - __main__ - INFO - ================================================================================
2026-01-07 23:09:34,899 INFO platform.shutdown_started {"timestamp":"2026-01-07T22:09:34.895823"}
2026-01-07 23:09:34,900 - __main__ - INFO - [1/6] Shutting down Execution Module
2026-01-07 23:09:34,901 - __main__ - INFO -    ✓ OrderManager stats: 0 completed, 0 pending
2026-01-07 23:09:34,902 - __main__ - INFO -    ✓ Broker final equity: $1000.00
2026-01-07 23:09:34,902 - __main__ - INFO - [2/6] Shutting down Risk Module
2026-01-07 23:09:34,904 - __main__ - INFO -    ✓ Final drawdown metrics: DrawdownMetrics(equity=$1000.00, daily_dd=0.00%, total_dd=0.00%)
2026-01-07 23:09:34,904 - __main__ - INFO - [3/6] Shutting down Strategy Module
2026-01-07 23:09:34,904 - __main__ - INFO -    ✓ Strategy: RegimeBasedStrategy
2026-01-07 23:09:34,904 - __main__ - INFO - [4/6] Shutting down Data Module
2026-01-07 23:09:34,924 - __main__ - INFO - ================================================================================
2026-01-07 23:09:34,924 - __main__ - INFO - INITIATING GRACEFUL SHUTDOWN
2026-01-07 23:09:34,924 - __main__ - INFO - ================================================================================
2026-01-07 23:09:34,924 INFO platform.shutdown_started {"timestamp":"2026-01-07T22:09:34.924726"}
2026-01-07 23:09:34,925 - __main__ - INFO - [1/6] Shutting down Execution Module
2026-01-07 23:09:34,925 - __main__ - INFO -    ✓ OrderManager stats: 0 completed, 0 pending
2026-01-07 23:09:34,925 - __main__ - INFO -    ✓ Broker final equity: $1000.00
2026-01-07 23:09:34,925 - __main__ - INFO - [2/6] Shutting down Risk Module
2026-01-07 23:09:34,925 - __main__ - INFO -    ✓ Final drawdown metrics: DrawdownMetrics(equity=$1000.00, daily_dd=0.00%, total_dd=0.00%)
2026-01-07 23:09:34,925 - __main__ - INFO - [3/6] Shutting down Strategy Module
2026-01-07 23:09:34,926 - __main__ - INFO -    ✓ Strategy: RegimeBasedStrategy
2026-01-07 23:09:34,926 - __main__ - INFO - [4/6] Shutting down Data Module
2026-01-07 23:09:35,173 - __main__ - INFO -    ✓ Exchange disconnected
2026-01-07 23:09:35,174 - __main__ - INFO - [5/6] Shutting down Monitoring Module
2026-01-07 23:09:35,190 - __main__ - INFO -    ✓ Final metrics: 0 trades
2026-01-07 23:09:35,190 - __main__ - INFO - [6/6] Shutting down Core Module
2026-01-07 23:09:35,191 - __main__ - INFO -    ✓ Final state: paper
2026-01-07 23:09:35,191 - __main__ - INFO - ================================================================================
2026-01-07 23:09:35,191 - __main__ - INFO - SHUTDOWN COMPLETE
2026-01-07 23:09:35,191 - __main__ - INFO - ================================================================================
2026-01-07 23:09:35,211 - __main__ - INFO -    ✓ Exchange disconnected
2026-01-07 23:09:35,212 - __main__ - INFO - [5/6] Shutting down Monitoring Module
2026-01-07 23:09:35,212 - __main__ - INFO -    ✓ Final metrics: 0 trades
2026-01-07 23:09:35,212 - __main__ - INFO - [6/6] Shutting down Core Module
2026-01-07 23:09:35,212 - __main__ - INFO -    ✓ Final state: paper
2026-01-07 23:09:35,212 - __main__ - INFO - ================================================================================
2026-01-07 23:09:35,212 - __main__ - INFO - SHUTDOWN COMPLETE
2026-01-07 23:09:35,212 - __main__ - INFO - ================================================================================

============================================================
[CONTINUATION DEBUG] Starting analysis
[CONTINUATION DEBUG] Data shape: (500, 6)
[CONTINUATION DEBUG] Columns: ['timestamp', 'open', 'high', 'low', 'close', 'volume']
[CONTINUATION DEBUG] Price range: $43552.28 → $91585.06
[CONTINUATION DEBUG] Last 5 closes: [79555.51502110838, 81597.6872989286, 81175.09607324554, 84000.12269749076, 83502.44656057653]
[CONTINUATION DEBUG] Trend detection: bull
[CONTINUATION DEBUG] Impulse found: {'start': 493, 'end': 496, 'size_pct': np.float64(6.922564101737913)}
[CONTINUATION DEBUG] Consolidation found: None
[CONTINUATION DEBUG] ⚠️  Using RELAXED momentum continuation (no flag found)
[CONTINUATION DEBUG] Breakout found: None

============================================================
[FVG DEBUG] Starting analysis
[FVG DEBUG] Data shape: (500, 6)
[FVG DEBUG] Columns: ['timestamp', 'open', 'high', 'low', 'close', 'volume']
[FVG DEBUG] Price range: $43552.28 → $91585.06
[FVG DEBUG] FVGs found: 57
  FVG 1: bearish_fvg, size=3.41%, age=150, filled=11.6%
  FVG 2: bullish_fvg, size=1.95%, age=148, filled=100.0%
  FVG 3: bullish_fvg, size=2.32%, age=147, filled=36.3%
[FVG DEBUG] Active retest FVG: FairValueGap(gap_type='bullish_fvg', candle1_index=351, candle2_index=352, candle3_index=353, gap_top=np.float64(84723.11245676113), gap_bottom=np.float64(82805.91056292622), gap_size_pct=np.float64(2.3152959502546357), filled_pct=np.float64(0.3633086321738682), is_active=np.True_, formation_time=147)
[FVG DEBUG] ✅ FVG PATTERN COMPLETE - Generating signal (conf=0.700)
============================================================


============================================================
[CONTINUATION DEBUG] Starting analysis
[CONTINUATION DEBUG] Data shape: (500, 6)
[CONTINUATION DEBUG] Columns: ['timestamp', 'open', 'high', 'low', 'close', 'volume']
[CONTINUATION DEBUG] Price range: $43552.28 → $91585.06
[CONTINUATION DEBUG] Last 5 closes: [79555.51502110838, 81597.6872989286, 81175.09607324554, 84000.12269749076, 83502.44656057653]
[CONTINUATION DEBUG] Trend detection: bull
[CONTINUATION DEBUG] Impulse found: {'start': 493, 'end': 496, 'size_pct': np.float64(6.922564101737913)}
[CONTINUATION DEBUG] Consolidation found: None
[CONTINUATION DEBUG] ⚠️  Using RELAXED momentum continuation (no flag found)
[CONTINUATION DEBUG] Breakout found: None

============================================================
[FVG DEBUG] Starting analysis
[FVG DEBUG] Data shape: (500, 6)
[FVG DEBUG] Columns: ['timestamp', 'open', 'high', 'low', 'close', 'volume']
[FVG DEBUG] Price range: $43552.28 → $91585.06
[FVG DEBUG] FVGs found: 57
  FVG 1: bearish_fvg, size=3.41%, age=150, filled=11.6%
  FVG 2: bullish_fvg, size=1.95%, age=148, filled=100.0%
  FVG 3: bullish_fvg, size=2.32%, age=147, filled=36.3%
[FVG DEBUG] Active retest FVG: FairValueGap(gap_type='bullish_fvg', candle1_index=351, candle2_index=352, candle3_index=353, gap_top=np.float64(84723.11245676113), gap_bottom=np.float64(82805.91056292622), gap_size_pct=np.float64(2.3152959502546357), filled_pct=np.float64(0.3633086321738682), is_active=np.True_, formation_time=147)
[FVG DEBUG] ✅ FVG PATTERN COMPLETE - Generating signal (conf=0.700)
============================================================


============================================================
[CONTINUATION DEBUG] Starting analysis
[CONTINUATION DEBUG] Data shape: (500, 6)
[CONTINUATION DEBUG] Columns: ['timestamp', 'open', 'high', 'low', 'close', 'volume']
[CONTINUATION DEBUG] Price range: $43552.28 → $91585.06
[CONTINUATION DEBUG] Last 5 closes: [79555.51502110838, 81597.6872989286, 81175.09607324554, 84000.12269749076, 83502.44656057653]
[CONTINUATION DEBUG] Trend detection: bull
[CONTINUATION DEBUG] Impulse found: {'start': 493, 'end': 496, 'size_pct': np.float64(6.922564101737913)}
[CONTINUATION DEBUG] Consolidation found: None
[CONTINUATION DEBUG] ⚠️  Using RELAXED momentum continuation (no flag found)
[CONTINUATION DEBUG] Breakout found: None

============================================================
[FVG DEBUG] Starting analysis
[FVG DEBUG] Data shape: (500, 6)
[FVG DEBUG] Columns: ['timestamp', 'open', 'high', 'low', 'close', 'volume']
[FVG DEBUG] Price range: $43552.28 → $91585.06
[FVG DEBUG] FVGs found: 57
  FVG 1: bearish_fvg, size=3.41%, age=150, filled=11.6%
  FVG 2: bullish_fvg, size=1.95%, age=148, filled=100.0%
  FVG 3: bullish_fvg, size=2.32%, age=147, filled=36.3%
[FVG DEBUG] Active retest FVG: FairValueGap(gap_type='bullish_fvg', candle1_index=351, candle2_index=352, candle3_index=353, gap_top=np.float64(84723.11245676113), gap_bottom=np.float64(82805.91056292622), gap_size_pct=np.float64(2.3152959502546357), filled_pct=np.float64(0.3633086321738682), is_active=np.True_, formation_time=147)
[FVG DEBUG] ✅ FVG PATTERN COMPLETE - Generating signal (conf=0.700)
============================================================

